INFO 2020-05-14 09:00:11,216 autoreload 250 139720482916160 Watching for file changes with StatReloader
INFO 2020-05-14 09:00:16,566 basehttp 250 139720423819008 "GET / HTTP/1.1" 200 1087
INFO 2020-05-14 09:00:24,732 basehttp 250 139720423819008 "GET /upload/ HTTP/1.1" 200 2320
INFO 2020-05-14 09:25:57,725 autoreload 300 139735117989696 Watching for file changes with StatReloader
INFO 2020-05-14 09:26:02,081 basehttp 300 139735058630400 "GET / HTTP/1.1" 200 1087
INFO 2020-05-14 09:26:11,114 basehttp 300 139735058630400 "GET /login/ HTTP/1.1" 200 3310
INFO 2020-05-14 09:26:20,282 basehttp 300 139735058630400 "POST /login/ HTTP/1.1" 302 0
INFO 2020-05-14 09:26:20,315 basehttp 300 139735058630400 "GET / HTTP/1.1" 200 1017
INFO 2020-05-14 09:26:23,752 basehttp 300 139735058630400 "GET /upload/ HTTP/1.1" 200 2250
INFO 2020-05-14 09:26:29,935 basehttp 300 139735058630400 "GET /logout/ HTTP/1.1" 302 0
INFO 2020-05-14 09:26:29,946 basehttp 300 139735058630400 "GET / HTTP/1.1" 200 1087
INFO 2020-05-14 09:26:32,912 basehttp 300 139735058630400 "GET /admin/ HTTP/1.1" 302 0
INFO 2020-05-14 09:26:32,935 basehttp 300 139735058630400 "GET /admin/login/?next=/admin/ HTTP/1.1" 200 1913
INFO 2020-05-14 09:26:34,874 basehttp 300 139735058630400 "POST /admin/login/?next=/admin/ HTTP/1.1" 302 0
INFO 2020-05-14 09:26:34,918 basehttp 300 139735058630400 "GET /admin/ HTTP/1.1" 200 5837
INFO 2020-05-14 09:26:35,020 basehttp 300 139735058630400 "GET /static/admin/img/icon-addlink.svg HTTP/1.1" 200 331
INFO 2020-05-14 09:26:35,021 basehttp 300 139735048402688 "GET /static/admin/img/icon-changelink.svg HTTP/1.1" 200 380
INFO 2020-05-14 09:26:45,169 basehttp 300 139735058630400 "GET /admin/book/genre/add/ HTTP/1.1" 200 4439
INFO 2020-05-14 09:26:45,231 basehttp 300 139735048402688 "GET /admin/jsi18n/ HTTP/1.1" 200 3223
INFO 2020-05-14 09:26:59,266 basehttp 300 139735048402688 "POST /admin/book/genre/add/ HTTP/1.1" 302 0
INFO 2020-05-14 09:26:59,322 basehttp 300 139735048402688 "GET /admin/book/genre/ HTTP/1.1" 200 4524
INFO 2020-05-14 09:26:59,428 basehttp 300 139735048402688 "GET /admin/jsi18n/ HTTP/1.1" 200 3223
INFO 2020-05-14 09:26:59,492 basehttp 300 139735048402688 "GET /static/admin/img/icon-yes.svg HTTP/1.1" 200 436
INFO 2020-05-14 09:26:59,492 basehttp 300 139735058630400 "GET /static/admin/img/tooltag-add.svg HTTP/1.1" 200 331
INFO 2020-05-14 09:27:01,015 basehttp 300 139735048402688 "GET / HTTP/1.1" 200 1017
INFO 2020-05-14 09:27:02,670 basehttp 300 139735048402688 "GET /logout/ HTTP/1.1" 302 0
INFO 2020-05-14 09:27:02,693 basehttp 300 139735048402688 "GET / HTTP/1.1" 200 1087
INFO 2020-05-14 11:35:52,201 autoreload 904 139641006880576 Watching for file changes with StatReloader
INFO 2020-05-14 11:36:37,384 autoreload 913 140030202574656 Watching for file changes with StatReloader
INFO 2020-05-14 11:36:44,815 autoreload 921 140249199998784 Watching for file changes with StatReloader
INFO 2020-05-14 11:36:51,328 autoreload 930 140535592499008 Watching for file changes with StatReloader
INFO 2020-05-14 11:39:04,919 autoreload 955 140531153962816 Watching for file changes with StatReloader
INFO 2020-05-14 11:39:17,190 autoreload 965 140554255988544 Watching for file changes with StatReloader
ERROR 2020-05-14 11:54:55,760 exception 1071 140081409681216 Invalid HTTP_HOST header: 'testserver'. You may need to add 'testserver' to ALLOWED_HOSTS.
WARNING 2020-05-14 11:54:55,802 log 1071 140081409681216 Bad Request: /
INFO 2020-05-14 13:27:36,767 autoreload 193 140409101186880 Watching for file changes with StatReloader
ERROR 2020-05-14 13:27:40,785 exception 193 140409004799744 Invalid HTTP_HOST header: '127.0.0.1:8000'. You may need to add '127.0.0.1' to ALLOWED_HOSTS.
WARNING 2020-05-14 13:27:40,858 log 193 140409004799744 Bad Request: /
WARNING 2020-05-14 13:27:40,858 basehttp 193 140409004799744 "GET / HTTP/1.1" 400 69716
INFO 2020-05-14 13:28:04,869 autoreload 209 140204626257728 Watching for file changes with StatReloader
INFO 2020-05-14 13:28:07,480 basehttp 209 140204529870592 "GET / HTTP/1.1" 200 4903
INFO 2020-05-14 13:28:15,039 basehttp 209 140204308428544 "GET /register/ HTTP/1.1" 200 4211
ERROR 2020-05-14 13:28:36,940 log 209 140204308428544 Internal Server Error: /register/
Traceback (most recent call last):
  File "/home/forbz/PycharmProjects/test_dj/venv/lib/python3.7/site-packages/django/db/backends/utils.py", line 86, in _execute
    return self.cursor.execute(sql, params)
psycopg2.errors.UndefinedTable: relation "book_profile" does not exist
LINE 1: INSERT INTO "book_profile" ("user_id", "Verified") VALUES (3...
                    ^


The above exception was the direct cause of the following exception:

Traceback (most recent call last):
  File "/home/forbz/PycharmProjects/test_dj/venv/lib/python3.7/site-packages/django/core/handlers/exception.py", line 34, in inner
    response = get_response(request)
  File "/home/forbz/PycharmProjects/test_dj/venv/lib/python3.7/site-packages/django/core/handlers/base.py", line 115, in _get_response
    response = self.process_exception_by_middleware(e, request)
  File "/home/forbz/PycharmProjects/test_dj/venv/lib/python3.7/site-packages/django/core/handlers/base.py", line 113, in _get_response
    response = wrapped_callback(request, *callback_args, **callback_kwargs)
  File "/home/forbz/PycharmProjects/libraryapp/book/views.py", line 141, in registerPage
    user = User.objects.create_user (username = userValue, email = email, password = password2Value)
  File "/home/forbz/PycharmProjects/test_dj/venv/lib/python3.7/site-packages/django/contrib/auth/models.py", line 147, in create_user
    return self._create_user(username, email, password, **extra_fields)
  File "/home/forbz/PycharmProjects/test_dj/venv/lib/python3.7/site-packages/django/contrib/auth/models.py", line 141, in _create_user
    user.save(using=self._db)
  File "/home/forbz/PycharmProjects/test_dj/venv/lib/python3.7/site-packages/django/contrib/auth/base_user.py", line 66, in save
    super().save(*args, **kwargs)
  File "/home/forbz/PycharmProjects/test_dj/venv/lib/python3.7/site-packages/django/db/models/base.py", line 746, in save
    force_update=force_update, update_fields=update_fields)
  File "/home/forbz/PycharmProjects/test_dj/venv/lib/python3.7/site-packages/django/db/models/base.py", line 795, in save_base
    update_fields=update_fields, raw=raw, using=using,
  File "/home/forbz/PycharmProjects/test_dj/venv/lib/python3.7/site-packages/django/dispatch/dispatcher.py", line 175, in send
    for receiver in self._live_receivers(sender)
  File "/home/forbz/PycharmProjects/test_dj/venv/lib/python3.7/site-packages/django/dispatch/dispatcher.py", line 175, in <listcomp>
    for receiver in self._live_receivers(sender)
  File "/home/forbz/PycharmProjects/libraryapp/book/models.py", line 92, in create_user_profile
    Profile.objects.create(user=instance)
  File "/home/forbz/PycharmProjects/test_dj/venv/lib/python3.7/site-packages/django/db/models/manager.py", line 82, in manager_method
    return getattr(self.get_queryset(), name)(*args, **kwargs)
  File "/home/forbz/PycharmProjects/test_dj/venv/lib/python3.7/site-packages/django/db/models/query.py", line 433, in create
    obj.save(force_insert=True, using=self.db)
  File "/home/forbz/PycharmProjects/test_dj/venv/lib/python3.7/site-packages/django/db/models/base.py", line 746, in save
    force_update=force_update, update_fields=update_fields)
  File "/home/forbz/PycharmProjects/test_dj/venv/lib/python3.7/site-packages/django/db/models/base.py", line 784, in save_base
    force_update, using, update_fields,
  File "/home/forbz/PycharmProjects/test_dj/venv/lib/python3.7/site-packages/django/db/models/base.py", line 887, in _save_table
    results = self._do_insert(cls._base_manager, using, fields, returning_fields, raw)
  File "/home/forbz/PycharmProjects/test_dj/venv/lib/python3.7/site-packages/django/db/models/base.py", line 926, in _do_insert
    using=using, raw=raw,
  File "/home/forbz/PycharmProjects/test_dj/venv/lib/python3.7/site-packages/django/db/models/manager.py", line 82, in manager_method
    return getattr(self.get_queryset(), name)(*args, **kwargs)
  File "/home/forbz/PycharmProjects/test_dj/venv/lib/python3.7/site-packages/django/db/models/query.py", line 1204, in _insert
    return query.get_compiler(using=using).execute_sql(returning_fields)
  File "/home/forbz/PycharmProjects/test_dj/venv/lib/python3.7/site-packages/django/db/models/sql/compiler.py", line 1391, in execute_sql
    cursor.execute(sql, params)
  File "/home/forbz/PycharmProjects/test_dj/venv/lib/python3.7/site-packages/django/db/backends/utils.py", line 100, in execute
    return super().execute(sql, params)
  File "/home/forbz/PycharmProjects/test_dj/venv/lib/python3.7/site-packages/django/db/backends/utils.py", line 68, in execute
    return self._execute_with_wrappers(sql, params, many=False, executor=self._execute)
  File "/home/forbz/PycharmProjects/test_dj/venv/lib/python3.7/site-packages/django/db/backends/utils.py", line 77, in _execute_with_wrappers
    return executor(sql, params, many, context)
  File "/home/forbz/PycharmProjects/test_dj/venv/lib/python3.7/site-packages/django/db/backends/utils.py", line 86, in _execute
    return self.cursor.execute(sql, params)
  File "/home/forbz/PycharmProjects/test_dj/venv/lib/python3.7/site-packages/django/db/utils.py", line 90, in __exit__
    raise dj_exc_value.with_traceback(traceback) from exc_value
  File "/home/forbz/PycharmProjects/test_dj/venv/lib/python3.7/site-packages/django/db/backends/utils.py", line 86, in _execute
    return self.cursor.execute(sql, params)
django.db.utils.ProgrammingError: relation "book_profile" does not exist
LINE 1: INSERT INTO "book_profile" ("user_id", "Verified") VALUES (3...
                    ^

ERROR 2020-05-14 13:28:36,943 basehttp 209 140204308428544 "POST /register/ HTTP/1.1" 500 192618
INFO 2020-05-14 13:30:05,293 autoreload 236 139821237417792 Watching for file changes with StatReloader
INFO 2020-05-14 13:30:08,377 basehttp 236 139821141030656 "GET / HTTP/1.1" 200 4903
INFO 2020-05-14 13:30:13,406 basehttp 236 139821141030656 "GET /admin/ HTTP/1.1" 302 0
INFO 2020-05-14 13:30:13,446 basehttp 236 139821141030656 "GET /admin/login/?next=/admin/ HTTP/1.1" 200 1913
ERROR 2020-05-14 13:30:14,888 log 236 139821141030656 Internal Server Error: /admin/login/
Traceback (most recent call last):
  File "/home/forbz/PycharmProjects/test_dj/venv/lib/python3.7/site-packages/django/db/models/fields/related_descriptors.py", line 401, in __get__
    rel_obj = self.related.get_cached_value(instance)
  File "/home/forbz/PycharmProjects/test_dj/venv/lib/python3.7/site-packages/django/db/models/fields/mixins.py", line 13, in get_cached_value
    return instance._state.fields_cache[cache_name]
KeyError: 'profile'

During handling of the above exception, another exception occurred:

Traceback (most recent call last):
  File "/home/forbz/PycharmProjects/test_dj/venv/lib/python3.7/site-packages/django/db/backends/utils.py", line 86, in _execute
    return self.cursor.execute(sql, params)
psycopg2.errors.UndefinedTable: relation "book_profile" does not exist
LINE 1: ...rofile"."user_id", "book_profile"."Verified" FROM "book_prof...
                                                             ^


The above exception was the direct cause of the following exception:

Traceback (most recent call last):
  File "/home/forbz/PycharmProjects/test_dj/venv/lib/python3.7/site-packages/django/core/handlers/exception.py", line 34, in inner
    response = get_response(request)
  File "/home/forbz/PycharmProjects/test_dj/venv/lib/python3.7/site-packages/django/core/handlers/base.py", line 115, in _get_response
    response = self.process_exception_by_middleware(e, request)
  File "/home/forbz/PycharmProjects/test_dj/venv/lib/python3.7/site-packages/django/core/handlers/base.py", line 113, in _get_response
    response = wrapped_callback(request, *callback_args, **callback_kwargs)
  File "/home/forbz/PycharmProjects/test_dj/venv/lib/python3.7/site-packages/django/views/decorators/cache.py", line 44, in _wrapped_view_func
    response = view_func(request, *args, **kwargs)
  File "/home/forbz/PycharmProjects/test_dj/venv/lib/python3.7/site-packages/django/contrib/admin/sites.py", line 407, in login
    return LoginView.as_view(**defaults)(request)
  File "/home/forbz/PycharmProjects/test_dj/venv/lib/python3.7/site-packages/django/views/generic/base.py", line 71, in view
    return self.dispatch(request, *args, **kwargs)
  File "/home/forbz/PycharmProjects/test_dj/venv/lib/python3.7/site-packages/django/utils/decorators.py", line 43, in _wrapper
    return bound_method(*args, **kwargs)
  File "/home/forbz/PycharmProjects/test_dj/venv/lib/python3.7/site-packages/django/views/decorators/debug.py", line 76, in sensitive_post_parameters_wrapper
    return view(request, *args, **kwargs)
  File "/home/forbz/PycharmProjects/test_dj/venv/lib/python3.7/site-packages/django/utils/decorators.py", line 43, in _wrapper
    return bound_method(*args, **kwargs)
  File "/home/forbz/PycharmProjects/test_dj/venv/lib/python3.7/site-packages/django/utils/decorators.py", line 130, in _wrapped_view
    response = view_func(request, *args, **kwargs)
  File "/home/forbz/PycharmProjects/test_dj/venv/lib/python3.7/site-packages/django/utils/decorators.py", line 43, in _wrapper
    return bound_method(*args, **kwargs)
  File "/home/forbz/PycharmProjects/test_dj/venv/lib/python3.7/site-packages/django/views/decorators/cache.py", line 44, in _wrapped_view_func
    response = view_func(request, *args, **kwargs)
  File "/home/forbz/PycharmProjects/test_dj/venv/lib/python3.7/site-packages/django/contrib/auth/views.py", line 63, in dispatch
    return super().dispatch(request, *args, **kwargs)
  File "/home/forbz/PycharmProjects/test_dj/venv/lib/python3.7/site-packages/django/views/generic/base.py", line 97, in dispatch
    return handler(request, *args, **kwargs)
  File "/home/forbz/PycharmProjects/test_dj/venv/lib/python3.7/site-packages/django/views/generic/edit.py", line 142, in post
    return self.form_valid(form)
  File "/home/forbz/PycharmProjects/test_dj/venv/lib/python3.7/site-packages/django/contrib/auth/views.py", line 92, in form_valid
    auth_login(self.request, form.get_user())
  File "/home/forbz/PycharmProjects/test_dj/venv/lib/python3.7/site-packages/django/contrib/auth/__init__.py", line 131, in login
    user_logged_in.send(sender=user.__class__, request=request, user=user)
  File "/home/forbz/PycharmProjects/test_dj/venv/lib/python3.7/site-packages/django/dispatch/dispatcher.py", line 175, in send
    for receiver in self._live_receivers(sender)
  File "/home/forbz/PycharmProjects/test_dj/venv/lib/python3.7/site-packages/django/dispatch/dispatcher.py", line 175, in <listcomp>
    for receiver in self._live_receivers(sender)
  File "/home/forbz/PycharmProjects/test_dj/venv/lib/python3.7/site-packages/django/contrib/auth/models.py", line 20, in update_last_login
    user.save(update_fields=['last_login'])
  File "/home/forbz/PycharmProjects/test_dj/venv/lib/python3.7/site-packages/django/contrib/auth/base_user.py", line 66, in save
    super().save(*args, **kwargs)
  File "/home/forbz/PycharmProjects/test_dj/venv/lib/python3.7/site-packages/django/db/models/base.py", line 746, in save
    force_update=force_update, update_fields=update_fields)
  File "/home/forbz/PycharmProjects/test_dj/venv/lib/python3.7/site-packages/django/db/models/base.py", line 795, in save_base
    update_fields=update_fields, raw=raw, using=using,
  File "/home/forbz/PycharmProjects/test_dj/venv/lib/python3.7/site-packages/django/dispatch/dispatcher.py", line 175, in send
    for receiver in self._live_receivers(sender)
  File "/home/forbz/PycharmProjects/test_dj/venv/lib/python3.7/site-packages/django/dispatch/dispatcher.py", line 175, in <listcomp>
    for receiver in self._live_receivers(sender)
  File "/home/forbz/PycharmProjects/libraryapp/book/models.py", line 97, in save_user_profile
    instance.profile.Verified = True
  File "/home/forbz/PycharmProjects/test_dj/venv/lib/python3.7/site-packages/django/db/models/fields/related_descriptors.py", line 409, in __get__
    rel_obj = self.get_queryset(instance=instance).get(**filter_args)
  File "/home/forbz/PycharmProjects/test_dj/venv/lib/python3.7/site-packages/django/db/models/query.py", line 411, in get
    num = len(clone)
  File "/home/forbz/PycharmProjects/test_dj/venv/lib/python3.7/site-packages/django/db/models/query.py", line 258, in __len__
    self._fetch_all()
  File "/home/forbz/PycharmProjects/test_dj/venv/lib/python3.7/site-packages/django/db/models/query.py", line 1261, in _fetch_all
    self._result_cache = list(self._iterable_class(self))
  File "/home/forbz/PycharmProjects/test_dj/venv/lib/python3.7/site-packages/django/db/models/query.py", line 57, in __iter__
    results = compiler.execute_sql(chunked_fetch=self.chunked_fetch, chunk_size=self.chunk_size)
  File "/home/forbz/PycharmProjects/test_dj/venv/lib/python3.7/site-packages/django/db/models/sql/compiler.py", line 1151, in execute_sql
    cursor.execute(sql, params)
  File "/home/forbz/PycharmProjects/test_dj/venv/lib/python3.7/site-packages/django/db/backends/utils.py", line 100, in execute
    return super().execute(sql, params)
  File "/home/forbz/PycharmProjects/test_dj/venv/lib/python3.7/site-packages/django/db/backends/utils.py", line 68, in execute
    return self._execute_with_wrappers(sql, params, many=False, executor=self._execute)
  File "/home/forbz/PycharmProjects/test_dj/venv/lib/python3.7/site-packages/django/db/backends/utils.py", line 77, in _execute_with_wrappers
    return executor(sql, params, many, context)
  File "/home/forbz/PycharmProjects/test_dj/venv/lib/python3.7/site-packages/django/db/backends/utils.py", line 86, in _execute
    return self.cursor.execute(sql, params)
  File "/home/forbz/PycharmProjects/test_dj/venv/lib/python3.7/site-packages/django/db/utils.py", line 90, in __exit__
    raise dj_exc_value.with_traceback(traceback) from exc_value
  File "/home/forbz/PycharmProjects/test_dj/venv/lib/python3.7/site-packages/django/db/backends/utils.py", line 86, in _execute
    return self.cursor.execute(sql, params)
django.db.utils.ProgrammingError: relation "book_profile" does not exist
LINE 1: ...rofile"."user_id", "book_profile"."Verified" FROM "book_prof...
                                                             ^

ERROR 2020-05-14 13:30:14,892 basehttp 236 139821141030656 "POST /admin/login/?next=/admin/ HTTP/1.1" 500 251152
INFO 2020-05-14 13:30:39,248 basehttp 236 139821141030656 "GET /admin/login/?next=/admin/ HTTP/1.1" 200 1913
INFO 2020-05-14 13:36:29,477 autoreload 275 140301211486016 Watching for file changes with StatReloader
INFO 2020-05-14 13:36:31,666 basehttp 275 140301115098880 "GET / HTTP/1.1" 200 1087
WARNING 2020-05-14 13:36:31,745 log 275 140301115098880 Not Found: /favicon.ico
INFO 2020-05-14 13:36:36,642 basehttp 275 140301115098880 "GET /admin/ HTTP/1.1" 302 0
INFO 2020-05-14 13:36:36,675 basehttp 275 140301115098880 "GET /admin/login/?next=/admin/ HTTP/1.1" 200 1913
INFO 2020-05-14 13:36:37,971 basehttp 275 140301115098880 "POST /admin/login/?next=/admin/ HTTP/1.1" 302 0
INFO 2020-05-14 13:36:38,005 basehttp 275 140301115098880 "GET /admin/ HTTP/1.1" 200 1973
INFO 2020-05-14 13:37:08,504 basehttp 275 140301115098880 "GET /admin/ HTTP/1.1" 200 1973
INFO 2020-05-14 13:37:08,526 basehttp 275 140301115098880 "GET /static/admin/css/base.css HTTP/1.1" 304 0
INFO 2020-05-14 13:37:08,528 basehttp 275 140301096634112 "GET /static/admin/css/responsive.css HTTP/1.1" 304 0
INFO 2020-05-14 13:37:08,529 basehttp 275 140301105288960 "GET /static/admin/css/dashboard.css HTTP/1.1" 304 0
INFO 2020-05-14 13:37:08,577 basehttp 275 140301096634112 "GET /static/admin/css/fonts.css HTTP/1.1" 304 0
INFO 2020-05-14 13:37:14,712 basehttp 275 140301115098880 "GET / HTTP/1.1" 200 1017
INFO 2020-05-14 13:38:09,819 basehttp 275 140301115098880 "GET /logout/ HTTP/1.1" 302 0
INFO 2020-05-14 13:38:09,841 basehttp 275 140301115098880 "GET / HTTP/1.1" 200 1087
INFO 2020-05-14 13:38:11,672 basehttp 275 140301115098880 "GET /register/ HTTP/1.1" 200 4211
INFO 2020-05-14 13:38:29,956 basehttp 275 140301115098880 "POST /register/ HTTP/1.1" 302 0
INFO 2020-05-14 13:38:29,980 basehttp 275 140301115098880 "GET /login/ HTTP/1.1" 200 3449
INFO 2020-05-14 13:39:12,596 basehttp 275 140301115098880 "GET /activate/Mg/5gh-215796cf4b5a7812e9f4/ HTTP/1.1" 200 1145
INFO 2020-05-14 13:39:15,798 basehttp 275 140301115098880 "GET /login/ HTTP/1.1" 200 3310
INFO 2020-05-14 13:39:28,227 basehttp 275 140301115098880 "POST /login/ HTTP/1.1" 302 0
INFO 2020-05-14 13:39:28,244 basehttp 275 140301115098880 "GET / HTTP/1.1" 200 1017
INFO 2020-05-14 13:39:31,360 basehttp 275 140301115098880 "GET /logout/ HTTP/1.1" 302 0
INFO 2020-05-14 13:39:31,374 basehttp 275 140301115098880 "GET / HTTP/1.1" 200 1087
ERROR 2020-05-14 13:47:42,890 exception 350 140680366368576 Invalid HTTP_HOST header: 'testserver'. You may need to add 'testserver' to ALLOWED_HOSTS.
WARNING 2020-05-14 13:47:42,934 log 350 140680366368576 Bad Request: /
ERROR 2020-05-14 14:05:15,258 log 476 139927817320256 Internal Server Error: /
Traceback (most recent call last):
  File "/home/forbz/PycharmProjects/test_dj/venv/lib/python3.7/site-packages/django/core/handlers/exception.py", line 34, in inner
    response = get_response(request)
  File "/home/forbz/PycharmProjects/test_dj/venv/lib/python3.7/site-packages/django/core/handlers/base.py", line 115, in _get_response
    response = self.process_exception_by_middleware(e, request)
  File "/home/forbz/PycharmProjects/test_dj/venv/lib/python3.7/site-packages/django/core/handlers/base.py", line 113, in _get_response
    response = wrapped_callback(request, *callback_args, **callback_kwargs)
  File "/home/forbz/PycharmProjects/libraryapp/book/views.py", line 179, in home
    return render(request, 'book/main.html', context)
  File "/home/forbz/PycharmProjects/test_dj/venv/lib/python3.7/site-packages/django/shortcuts.py", line 19, in render
    content = loader.render_to_string(template_name, context, request, using=using)
  File "/home/forbz/PycharmProjects/test_dj/venv/lib/python3.7/site-packages/django/template/loader.py", line 62, in render_to_string
    return template.render(context, request)
  File "/home/forbz/PycharmProjects/test_dj/venv/lib/python3.7/site-packages/django/template/backends/django.py", line 61, in render
    return self.template.render(context)
  File "/home/forbz/PycharmProjects/test_dj/venv/lib/python3.7/site-packages/django/template/base.py", line 171, in render
    return self._render(context)
  File "/home/forbz/PycharmProjects/test_dj/venv/lib/python3.7/site-packages/django/test/utils.py", line 95, in instrumented_test_render
    return self.nodelist.render(context)
  File "/home/forbz/PycharmProjects/test_dj/venv/lib/python3.7/site-packages/django/template/base.py", line 936, in render
    bit = node.render_annotated(context)
  File "/home/forbz/PycharmProjects/test_dj/venv/lib/python3.7/site-packages/django/template/base.py", line 903, in render_annotated
    return self.render(context)
  File "/home/forbz/PycharmProjects/test_dj/venv/lib/python3.7/site-packages/django/template/loader_tags.py", line 53, in render
    result = self.nodelist.render(context)
  File "/home/forbz/PycharmProjects/test_dj/venv/lib/python3.7/site-packages/django/template/base.py", line 936, in render
    bit = node.render_annotated(context)
  File "/home/forbz/PycharmProjects/test_dj/venv/lib/python3.7/site-packages/django/template/base.py", line 903, in render_annotated
    return self.render(context)
  File "/home/forbz/PycharmProjects/test_dj/venv/lib/python3.7/site-packages/django/template/defaulttags.py", line 166, in render
    len_values = len(values)
  File "/home/forbz/PycharmProjects/test_dj/venv/lib/python3.7/site-packages/django/db/models/query.py", line 258, in __len__
    self._fetch_all()
  File "/home/forbz/PycharmProjects/test_dj/venv/lib/python3.7/site-packages/django/db/models/query.py", line 1261, in _fetch_all
    self._result_cache = list(self._iterable_class(self))
  File "/home/forbz/PycharmProjects/test_dj/venv/lib/python3.7/site-packages/django/db/models/query.py", line 57, in __iter__
    results = compiler.execute_sql(chunked_fetch=self.chunked_fetch, chunk_size=self.chunk_size)
  File "/home/forbz/PycharmProjects/test_dj/venv/lib/python3.7/site-packages/django/db/models/sql/compiler.py", line 1149, in execute_sql
    cursor = self.connection.cursor()
  File "/home/forbz/PycharmProjects/test_dj/venv/lib/python3.7/site-packages/django/utils/asyncio.py", line 26, in inner
    return func(*args, **kwargs)
  File "/home/forbz/PycharmProjects/test_dj/venv/lib/python3.7/site-packages/django/db/backends/base/base.py", line 260, in cursor
    return self._cursor()
  File "/home/forbz/PycharmProjects/test_dj/venv/lib/python3.7/site-packages/django/db/backends/base/base.py", line 236, in _cursor
    self.ensure_connection()
  File "/home/forbz/PycharmProjects/test_dj/venv/lib/python3.7/site-packages/pytest_django/plugin.py", line 774, in _blocking_wrapper
    "Database access not allowed, "
RuntimeError: Database access not allowed, use the "django_db" mark, or the "db" or "transactional_db" fixtures to enable it.
WARNING 2020-05-14 14:06:42,938 log 494 140155555219264 Not Found: /upload
WARNING 2020-05-14 14:06:50,443 log 498 139879567677248 Not Found: /upload
INFO 2020-05-14 14:29:21,796 autoreload 691 140184380258112 Watching for file changes with StatReloader
INFO 2020-05-14 14:30:04,672 autoreload 701 140468946237248 Watching for file changes with StatReloader
INFO 2020-05-14 14:30:24,711 autoreload 708 140602949384000 Watching for file changes with StatReloader
INFO 2020-05-14 16:50:40,072 autoreload 150 140567663007552 Watching for file changes with StatReloader
INFO 2020-05-14 16:50:42,582 basehttp 150 140567498766080 "GET / HTTP/1.1" 200 1087
INFO 2020-05-14 16:50:45,986 basehttp 150 140567498766080 "GET /admin/ HTTP/1.1" 302 0
INFO 2020-05-14 16:50:46,015 basehttp 150 140567498766080 "GET /admin/login/?next=/admin/ HTTP/1.1" 200 1913
INFO 2020-05-14 16:50:47,166 basehttp 150 140567498766080 "POST /admin/login/?next=/admin/ HTTP/1.1" 302 0
INFO 2020-05-14 16:50:47,208 basehttp 150 140567498766080 "GET /admin/ HTTP/1.1" 200 5882
INFO 2020-05-14 16:50:47,333 basehttp 150 140567488538368 "GET /static/admin/img/icon-changelink.svg HTTP/1.1" 200 380
INFO 2020-05-14 16:50:47,333 basehttp 150 140567498766080 "GET /static/admin/img/icon-addlink.svg HTTP/1.1" 200 331
INFO 2020-05-15 09:53:06,119 autoreload 150 140057022465856 Watching for file changes with StatReloader
INFO 2020-05-15 09:53:08,242 basehttp 150 140056963106560 "GET / HTTP/1.1" 200 1087
WARNING 2020-05-15 09:53:08,308 log 150 140056963106560 Not Found: /favicon.ico
INFO 2020-05-15 09:53:10,800 basehttp 150 140056963106560 "GET /register/ HTTP/1.1" 200 4211
INFO 2020-05-15 09:53:27,109 basehttp 150 140056963106560 "POST /register/ HTTP/1.1" 302 0
INFO 2020-05-15 09:53:27,132 basehttp 150 140056963106560 "GET /login/ HTTP/1.1" 200 3449
INFO 2020-05-15 09:53:56,526 basehttp 150 140056963106560 "GET /activate/Mg/5gi-2ab48039f08fab2e6db0/ HTTP/1.1" 200 1145
WARNING 2020-05-15 09:53:56,679 log 150 140056963106560 Not Found: /favicon.ico
INFO 2020-05-15 09:53:58,793 basehttp 150 140056963106560 "GET /login/ HTTP/1.1" 200 3310
INFO 2020-05-15 09:54:07,127 basehttp 150 140056963106560 "POST /login/ HTTP/1.1" 302 0
INFO 2020-05-15 09:54:07,150 basehttp 150 140056963106560 "GET / HTTP/1.1" 200 1015
WARNING 2020-05-15 09:54:07,264 log 150 140056963106560 Not Found: /favicon.ico
INFO 2020-05-19 07:21:26,229 autoreload 143 140181463193408 Watching for file changes with StatReloader
INFO 2020-05-19 07:22:26,297 autoreload 155 140302632871744 Watching for file changes with StatReloader
INFO 2020-05-19 07:22:32,031 basehttp 155 140302573512448 "GET / HTTP/1.1" 200 1015
INFO 2020-05-19 08:07:51,466 autoreload 319 139953960490816 Watching for file changes with StatReloader
INFO 2020-05-19 08:07:54,674 basehttp 319 139953901131520 "GET / HTTP/1.1" 200 1015
INFO 2020-05-19 08:07:57,507 basehttp 319 139953901131520 "GET /logout/ HTTP/1.1" 302 0
INFO 2020-05-19 08:07:57,516 basehttp 319 139953901131520 "GET / HTTP/1.1" 200 1087
INFO 2020-05-19 08:07:59,126 basehttp 319 139953901131520 "GET /register/ HTTP/1.1" 200 4211
INFO 2020-05-19 08:08:04,294 basehttp 319 139953901131520 "GET /admin/ HTTP/1.1" 302 0
INFO 2020-05-19 08:08:04,324 basehttp 319 139953901131520 "GET /admin/login/?next=/admin/ HTTP/1.1" 200 1913
INFO 2020-05-19 08:08:04,414 basehttp 319 139953901131520 "GET /static/admin/css/base.css HTTP/1.1" 304 0
INFO 2020-05-19 08:08:04,415 basehttp 319 139953887753984 "GET /static/admin/css/login.css HTTP/1.1" 304 0
INFO 2020-05-19 08:08:04,416 basehttp 319 139953879361280 "GET /static/admin/css/responsive.css HTTP/1.1" 304 0
INFO 2020-05-19 08:08:04,421 basehttp 319 139953887753984 "GET /static/admin/css/fonts.css HTTP/1.1" 304 0
INFO 2020-05-19 08:08:04,505 basehttp 319 139953887753984 "GET /static/admin/fonts/Roboto-Light-webfont.woff HTTP/1.1" 304 0
INFO 2020-05-19 08:08:04,506 basehttp 319 139953879361280 "GET /static/admin/fonts/Roboto-Regular-webfont.woff HTTP/1.1" 304 0
INFO 2020-05-19 08:08:06,917 basehttp 319 139953901131520 "POST /admin/login/?next=/admin/ HTTP/1.1" 302 0
INFO 2020-05-19 08:08:06,957 basehttp 319 139953901131520 "GET /admin/ HTTP/1.1" 200 5882
INFO 2020-05-19 08:08:07,047 basehttp 319 139953887753984 "GET /static/admin/css/dashboard.css HTTP/1.1" 304 0
INFO 2020-05-19 08:08:07,066 basehttp 319 139953887753984 "GET /static/admin/img/icon-changelink.svg HTTP/1.1" 200 380
INFO 2020-05-19 08:08:07,066 basehttp 319 139953879361280 "GET /static/admin/img/icon-addlink.svg HTTP/1.1" 200 331
INFO 2020-05-19 08:08:07,081 basehttp 319 139953879361280 "GET /static/admin/fonts/Roboto-Bold-webfont.woff HTTP/1.1" 304 0
INFO 2020-05-19 08:08:09,560 basehttp 319 139953901131520 "GET /admin/book/profile/ HTTP/1.1" 200 4874
INFO 2020-05-19 08:08:09,606 basehttp 319 139953887753984 "GET /static/admin/css/changelists.css HTTP/1.1" 304 0
INFO 2020-05-19 08:08:09,607 basehttp 319 139953901131520 "GET /static/admin/js/vendor/jquery/jquery.js HTTP/1.1" 304 0
INFO 2020-05-19 08:08:09,611 basehttp 319 139953870444288 "GET /static/admin/js/jquery.init.js HTTP/1.1" 304 0
INFO 2020-05-19 08:08:09,612 basehttp 319 139953522603776 "GET /static/admin/js/core.js HTTP/1.1" 304 0
INFO 2020-05-19 08:08:09,615 basehttp 319 139953887753984 "GET /static/admin/js/actions.js HTTP/1.1" 304 0
INFO 2020-05-19 08:08:09,619 basehttp 319 139953870444288 "GET /static/admin/js/urlify.js HTTP/1.1" 304 0
INFO 2020-05-19 08:08:09,619 basehttp 319 139953522603776 "GET /static/admin/js/prepopulate.js HTTP/1.1" 304 0
INFO 2020-05-19 08:08:09,620 basehttp 319 139953514211072 "GET /static/admin/js/admin/RelatedObjectLookups.js HTTP/1.1" 304 0
INFO 2020-05-19 08:08:09,622 basehttp 319 139953514211072 "GET /static/admin/js/vendor/xregexp/xregexp.js HTTP/1.1" 304 0
INFO 2020-05-19 08:08:09,624 basehttp 319 139953879361280 "GET /admin/jsi18n/ HTTP/1.1" 200 3223
INFO 2020-05-19 08:08:09,692 basehttp 319 139953879361280 "GET /static/admin/img/tooltag-add.svg HTTP/1.1" 200 331
INFO 2020-05-19 08:08:12,035 basehttp 319 139953901131520 "GET /admin/ HTTP/1.1" 200 5882
INFO 2020-05-19 08:08:12,855 basehttp 319 139953901131520 "GET /admin/login/?next=/admin/ HTTP/1.1" 302 0
INFO 2020-05-19 08:08:12,903 basehttp 319 139953901131520 "GET /admin/ HTTP/1.1" 200 5882
INFO 2020-05-19 08:08:16,262 basehttp 319 139953901131520 "GET / HTTP/1.1" 200 1017
INFO 2020-05-19 08:08:17,771 basehttp 319 139953901131520 "GET /logout/ HTTP/1.1" 302 0
INFO 2020-05-19 08:08:17,796 basehttp 319 139953901131520 "GET / HTTP/1.1" 200 1087
INFO 2020-05-19 08:08:19,004 basehttp 319 139953901131520 "GET /register/ HTTP/1.1" 200 4211
INFO 2020-05-19 08:08:39,871 views 319 139953901131520 Email send to vitas
INFO 2020-05-19 08:08:39,874 basehttp 319 139953901131520 "POST /register/ HTTP/1.1" 302 0
INFO 2020-05-19 08:08:39,897 basehttp 319 139953901131520 "GET /login/ HTTP/1.1" 200 3449
INFO 2020-05-19 08:09:34,078 views 319 139953901131520 verified successfully for vitas
INFO 2020-05-19 08:09:34,081 basehttp 319 139953901131520 "GET /activate/Mw/5gm-381542971b490a30a5e1/ HTTP/1.1" 200 1145
INFO 2020-05-19 08:11:21,112 autoreload 319 139953960490816 /home/forbz/PycharmProjects/libraryapp/book/views.py changed, reloading.
INFO 2020-05-19 08:11:21,560 autoreload 351 140002269476672 Watching for file changes with StatReloader
INFO 2020-05-19 08:11:36,638 basehttp 351 140002210117376 "GET / HTTP/1.1" 200 1087
INFO 2020-05-19 08:11:38,422 basehttp 351 140002210117376 "GET /login/ HTTP/1.1" 200 3310
INFO 2020-05-19 08:11:48,587 basehttp 351 140002210117376 "POST /login/ HTTP/1.1" 302 0
INFO 2020-05-19 08:11:48,602 basehttp 351 140002210117376 "GET / HTTP/1.1" 200 1017
INFO 2020-05-19 08:18:03,616 autoreload 351 140002269476672 /home/forbz/PycharmProjects/libraryapp/book/views.py changed, reloading.
INFO 2020-05-19 08:18:04,082 autoreload 414 139741476480832 Watching for file changes with StatReloader
INFO 2020-05-19 08:18:09,581 basehttp 414 139741417121536 "GET / HTTP/1.1" 200 1017
INFO 2020-05-19 08:18:11,528 basehttp 414 139741417121536 "GET /logout/ HTTP/1.1" 302 0
INFO 2020-05-19 08:18:11,542 basehttp 414 139741417121536 "GET / HTTP/1.1" 200 1087
INFO 2020-05-19 08:19:23,750 autoreload 430 139796750698304 Watching for file changes with StatReloader
INFO 2020-05-19 08:19:26,230 basehttp 430 139796653786880 "GET / HTTP/1.1" 200 1087
